<?xml version="1.0" encoding="UTF-8"?>
<!-- Generated by org.testng.reporters.JUnitXMLReporter -->
<testsuite ignored="1" hostname="DESKTOP-GP7HHV3" failures="0" tests="2" name="Test" time="20.376" errors="0" timestamp="2024-02-12T17:57:04 IST">
  <testcase classname="testNGbasicsPractice.LoginTestPractice" name="login" time="11.386"/>
  <testcase classname="testNGbasicsPractice.AddToCartTestPractice" name="addToCart" time="8.924"/>
  <testcase classname="testNGbasicsPractice.RegisterTestPractice" name="register" time="0.0">
    <ignored/>
  </testcase> <!-- register -->
</testsuite> <!-- Test -->
